<?xml version="1.0" encoding="UTF-8"?>
<testng-results skipped="0" failed="0" ignored="0" total="3" passed="3">
  <reporter-output>
    <line>
      <![CDATA[User added Fail]]>
    </line>
    <line>
      <![CDATA[User added Fail]]>
    </line>
    <line>
      <![CDATA[User added Fail]]>
    </line>
    <line>
      <![CDATA[User added Fail]]>
    </line>
    <line>
      <![CDATA[No of rows in TCSheet::5  No of rows in TSSheet::10]]>
    </line>
    <line>
      <![CDATA[Login Success::adminflow   http://primusbank.qedgetech.com/adminflow.aspx]]>
    </line>
    <line>
      <![CDATA[New Branch with id 65 created Sucessfully]]>
    </line>
    <line>
      <![CDATA[Logout Success]]>
    </line>
    <line>
      <![CDATA[No of rows in TCSheet::4  No of rows in TSSheet::10]]>
    </line>
    <line>
      <![CDATA[Login Success::adminflow   http://primusbank.qedgetech.com/adminflow.aspx]]>
    </line>
    <line>
      <![CDATA[Logout Success]]>
    </line>
    <line>
      <![CDATA[Login Success::adminflow   http://primusbank.qedgetech.com/adminflow.aspx]]>
    </line>
    <line>
      <![CDATA[New Branch with id 66 created Sucessfully]]>
    </line>
    <line>
      <![CDATA[Logout Success]]>
    </line>
    <line>
      <![CDATA[Login Success::adminflow   http://primusbank.qedgetech.com/adminflow.aspx]]>
    </line>
    <line>
      <![CDATA[Branch updated Sucessfully]]>
    </line>
    <line>
      <![CDATA[Logout Success]]>
    </line>
  </reporter-output>
  <suite name="Frameworks" duration-ms="357076" started-at="2021-02-18T14:14:32Z" finished-at="2021-02-18T14:20:29Z">
    <groups>
    </groups>
    <test name="datadriven" duration-ms="170051" started-at="2021-02-18T14:14:32Z" finished-at="2021-02-18T14:17:22Z">
      <class name="DriverFactory.DataDrivenScript">
        <test-method status="PASS" signature="setUp()[pri:0, instance:DriverFactory.DataDrivenScript@91161c7]" name="setUp" is-config="true" duration-ms="25370" started-at="2021-02-18T14:14:32Z" finished-at="2021-02-18T14:14:57Z">
          <reporter-output>
          </reporter-output>
        </test-method> <!-- setUp -->
        <test-method status="PASS" signature="addingUser()[pri:0, instance:DriverFactory.DataDrivenScript@91161c7]" name="addingUser" duration-ms="131992" started-at="2021-02-18T14:14:57Z" finished-at="2021-02-18T14:17:09Z">
          <reporter-output>
            <line>
              <![CDATA[User added Fail]]>
            </line>
            <line>
              <![CDATA[User added Fail]]>
            </line>
            <line>
              <![CDATA[User added Fail]]>
            </line>
            <line>
              <![CDATA[User added Fail]]>
            </line>
          </reporter-output>
        </test-method> <!-- addingUser -->
        <test-method status="PASS" signature="tearDown()[pri:0, instance:DriverFactory.DataDrivenScript@91161c7]" name="tearDown" is-config="true" duration-ms="12565" started-at="2021-02-18T14:17:09Z" finished-at="2021-02-18T14:17:22Z">
          <reporter-output>
          </reporter-output>
        </test-method> <!-- tearDown -->
      </class> <!-- DriverFactory.DataDrivenScript -->
    </test> <!-- datadriven -->
    <test name="keyword" duration-ms="81651" started-at="2021-02-18T14:17:24Z" finished-at="2021-02-18T14:18:45Z">
      <class name="DriverFactory.DriverScriptKeyword">
        <test-method status="PASS" signature="setUp()[pri:0, instance:DriverFactory.DriverScriptKeyword@553f17c]" name="setUp" is-config="true" duration-ms="29485" started-at="2021-02-18T14:17:24Z" finished-at="2021-02-18T14:17:53Z">
          <reporter-output>
          </reporter-output>
        </test-method> <!-- setUp -->
        <test-method status="PASS" signature="startTest()[pri:0, instance:DriverFactory.DriverScriptKeyword@553f17c]" name="startTest" duration-ms="49785" started-at="2021-02-18T14:17:53Z" finished-at="2021-02-18T14:18:43Z">
          <reporter-output>
            <line>
              <![CDATA[No of rows in TCSheet::5  No of rows in TSSheet::10]]>
            </line>
            <line>
              <![CDATA[Login Success::adminflow   http://primusbank.qedgetech.com/adminflow.aspx]]>
            </line>
            <line>
              <![CDATA[New Branch with id 65 created Sucessfully]]>
            </line>
            <line>
              <![CDATA[Logout Success]]>
            </line>
          </reporter-output>
        </test-method> <!-- startTest -->
        <test-method status="PASS" signature="tearDown()[pri:0, instance:DriverFactory.DriverScriptKeyword@553f17c]" name="tearDown" is-config="true" duration-ms="2380" started-at="2021-02-18T14:18:43Z" finished-at="2021-02-18T14:18:45Z">
          <reporter-output>
          </reporter-output>
        </test-method> <!-- tearDown -->
      </class> <!-- DriverFactory.DriverScriptKeyword -->
    </test> <!-- keyword -->
    <test name="Hybrid" duration-ms="103416" started-at="2021-02-18T14:18:45Z" finished-at="2021-02-18T14:20:29Z">
      <class name="DriverFactory.DriverScriptHybrid">
        <test-method status="PASS" signature="setUp()[pri:0, instance:DriverFactory.DriverScriptHybrid@59ec2012]" name="setUp" is-config="true" duration-ms="10035" started-at="2021-02-18T14:18:45Z" finished-at="2021-02-18T14:18:55Z">
          <reporter-output>
          </reporter-output>
        </test-method> <!-- setUp -->
        <test-method status="PASS" signature="startTest()[pri:0, instance:DriverFactory.DriverScriptHybrid@59ec2012]" name="startTest" duration-ms="91481" started-at="2021-02-18T14:18:55Z" finished-at="2021-02-18T14:20:27Z">
          <reporter-output>
            <line>
              <![CDATA[No of rows in TCSheet::4  No of rows in TSSheet::10]]>
            </line>
            <line>
              <![CDATA[Login Success::adminflow   http://primusbank.qedgetech.com/adminflow.aspx]]>
            </line>
            <line>
              <![CDATA[Logout Success]]>
            </line>
            <line>
              <![CDATA[Login Success::adminflow   http://primusbank.qedgetech.com/adminflow.aspx]]>
            </line>
            <line>
              <![CDATA[New Branch with id 66 created Sucessfully]]>
            </line>
            <line>
              <![CDATA[Logout Success]]>
            </line>
            <line>
              <![CDATA[Login Success::adminflow   http://primusbank.qedgetech.com/adminflow.aspx]]>
            </line>
            <line>
              <![CDATA[Branch updated Sucessfully]]>
            </line>
            <line>
              <![CDATA[Logout Success]]>
            </line>
          </reporter-output>
        </test-method> <!-- startTest -->
        <test-method status="PASS" signature="tearDown()[pri:0, instance:DriverFactory.DriverScriptHybrid@59ec2012]" name="tearDown" is-config="true" duration-ms="1899" started-at="2021-02-18T14:20:27Z" finished-at="2021-02-18T14:20:29Z">
          <reporter-output>
          </reporter-output>
        </test-method> <!-- tearDown -->
      </class> <!-- DriverFactory.DriverScriptHybrid -->
    </test> <!-- Hybrid -->
  </suite> <!-- Frameworks -->
</testng-results>
